<?xml version="1.0" encoding="UTF-8"?>
<!-- Generated by org.testng.reporters.JUnitReportReporter -->
<testsuite hostname="MUM01TL00227" failures="0" tests="1" name="TestNG2" time="26.433" errors="0" timestamp="2021-02-02T14:09:47 IST" skipped="0">
  <testcase classname="TestNG2" name="f" time="26.433"/>
  <system-out/>
</testsuite> <!-- TestNG2 -->
