<?xml version="1.0" encoding="UTF-8"?>
<!-- Generated by org.testng.reporters.JUnitReportReporter -->
<testsuite hostname="MUM01TL00227" failures="0" tests="3" name="Dependent" time="0.018" errors="0" timestamp="2021-02-02T14:07:01 IST" skipped="0">
  <testcase classname="Dependent" name="signIn" time="0.002"/>
  <system-out/>
  <testcase classname="Dependent" name="openBrowser" time="0.014"/>
  <system-out/>
  <testcase classname="Dependent" name="logOut" time="0.002"/>
  <system-out/>
</testsuite> <!-- Dependent -->
