<?xml version="1.0" encoding="UTF-8"?>
<!-- Generated by org.testng.reporters.JUnitReportReporter -->
<testsuite hostname="MUM01TL00227" failures="0" tests="2" name="Params" time="0.006" errors="0" timestamp="2021-01-27T22:56:53 IST" skipped="0">
  <testcase classname="Params" name="sum" time="0.003"/>
  <system-out/>
  <testcase classname="Params" name="diff" time="0.003"/>
  <system-out/>
</testsuite> <!-- Params -->
