<?xml version="1.0" encoding="UTF-8"?>
<!-- Generated by org.testng.reporters.JUnitReportReporter -->
<testsuite hostname="MUM01TL00227" failures="0" tests="1" name="Multiply" time="0.001" errors="0" timestamp="2021-01-27T22:56:53 IST" skipped="0">
  <testcase classname="Multiply" name="diff" time="0.001"/>
  <system-out/>
</testsuite> <!-- Multiply -->
